{"/Users/mazenabuhamdan/ATM-Project/src/components/common/Button.jsx": {"path":"/Users/mazenabuhamdan/ATM-Project/src/components/common/Button.jsx","statementMap":{"0":{"start":{"line":4,"column":22},"end":{"line":14,"column":1}},"1":{"start":{"line":5,"column":2},"end":{"line":13,"column":3}}},"fnMap":{"0":{"name":"(anonymous_0)","decl":{"start":{"line":4,"column":22},"end":{"line":4,"column":23}},"loc":{"start":{"line":4,"column":54},"end":{"line":14,"column":1}},"line":4}},"branchMap":{"0":{"loc":{"start":{"line":7,"column":7},"end":{"line":7,"column":89}},"type":"binary-expr","locations":[{"start":{"line":7,"column":7},"end":{"line":7,"column":32}},{"start":{"line":7,"column":36},"end":{"line":7,"column":89}}],"line":7},"1":{"loc":{"start":{"line":11,"column":7},"end":{"line":11,"column":87}},"type":"binary-expr","locations":[{"start":{"line":11,"column":7},"end":{"line":11,"column":30}},{"start":{"line":11,"column":34},"end":{"line":11,"column":87}}],"line":11}},"s":{"0":1,"1":0},"f":{"0":0},"b":{"0":[0,0],"1":[0,0]},"_coverageSchema":"1a1c01bbd47fc00a2c39e90264f33305004495a9","hash":"61b0e273593cea8a440d2754d478fc1b6391a4b8"}
,"/Users/mazenabuhamdan/ATM-Project/src/components/common/OpcionesDeSalida.jsx": {"path":"/Users/mazenabuhamdan/ATM-Project/src/components/common/OpcionesDeSalida.jsx","statementMap":{"0":{"start":{"line":6,"column":32},"end":{"line":16,"column":1}},"1":{"start":{"line":7,"column":19},"end":{"line":7,"column":32}},"2":{"start":{"line":8,"column":4},"end":{"line":15,"column":5}},"3":{"start":{"line":11,"column":80},"end":{"line":11,"column":106}},"4":{"start":{"line":12,"column":72},"end":{"line":12,"column":97}}},"fnMap":{"0":{"name":"(anonymous_0)","decl":{"start":{"line":6,"column":32},"end":{"line":6,"column":33}},"loc":{"start":{"line":6,"column":38},"end":{"line":16,"column":1}},"line":6},"1":{"name":"(anonymous_1)","decl":{"start":{"line":11,"column":74},"end":{"line":11,"column":75}},"loc":{"start":{"line":11,"column":80},"end":{"line":11,"column":106}},"line":11},"2":{"name":"(anonymous_2)","decl":{"start":{"line":12,"column":66},"end":{"line":12,"column":67}},"loc":{"start":{"line":12,"column":72},"end":{"line":12,"column":97}},"line":12}},"branchMap":{},"s":{"0":1,"1":0,"2":0,"3":0,"4":0},"f":{"0":0,"1":0,"2":0},"b":{},"_coverageSchema":"1a1c01bbd47fc00a2c39e90264f33305004495a9","hash":"5cbf7a2d008b61f1599fe2093d0f9aa8ea57dd78"}
,"/Users/mazenabuhamdan/ATM-Project/src/screens/VerEnPantalla.jsx": {"path":"/Users/mazenabuhamdan/ATM-Project/src/screens/VerEnPantalla.jsx","statementMap":{"0":{"start":{"line":11,"column":29},"end":{"line":59,"column":1}},"1":{"start":{"line":13,"column":17},"end":{"line":13,"column":30}},"2":{"start":{"line":14,"column":15},"end":{"line":14,"column":42}},"3":{"start":{"line":15,"column":32},"end":{"line":20,"column":4}},"4":{"start":{"line":22,"column":2},"end":{"line":36,"column":9}},"5":{"start":{"line":23,"column":29},"end":{"line":34,"column":5}},"6":{"start":{"line":24,"column":6},"end":{"line":33,"column":7}},"7":{"start":{"line":25,"column":21},"end":{"line":25,"column":43}},"8":{"start":{"line":26,"column":8},"end":{"line":30,"column":11}},"9":{"start":{"line":32,"column":8},"end":{"line":32,"column":50}},"10":{"start":{"line":35,"column":4},"end":{"line":35,"column":23}},"11":{"start":{"line":38,"column":2},"end":{"line":58,"column":4}}},"fnMap":{"0":{"name":"(anonymous_0)","decl":{"start":{"line":11,"column":29},"end":{"line":11,"column":30}},"loc":{"start":{"line":11,"column":35},"end":{"line":59,"column":1}},"line":11},"1":{"name":"(anonymous_1)","decl":{"start":{"line":22,"column":12},"end":{"line":22,"column":13}},"loc":{"start":{"line":22,"column":18},"end":{"line":36,"column":3}},"line":22},"2":{"name":"(anonymous_2)","decl":{"start":{"line":23,"column":29},"end":{"line":23,"column":30}},"loc":{"start":{"line":23,"column":41},"end":{"line":34,"column":5}},"line":23}},"branchMap":{},"s":{"0":1,"1":0,"2":0,"3":0,"4":0,"5":0,"6":0,"7":0,"8":0,"9":0,"10":0,"11":0},"f":{"0":0,"1":0,"2":0},"b":{},"_coverageSchema":"1a1c01bbd47fc00a2c39e90264f33305004495a9","hash":"09d0d0947052f3e3bd30cf3fb9f1b6c16eb11ce6"}
,"/Users/mazenabuhamdan/ATM-Project/src/services/account.js": {"path":"/Users/mazenabuhamdan/ATM-Project/src/services/account.js","statementMap":{"0":{"start":{"line":8,"column":29},"end":{"line":8,"column":41}},"1":{"start":{"line":16,"column":30},"end":{"line":25,"column":1}},"2":{"start":{"line":18,"column":17},"end":{"line":18,"column":51}},"3":{"start":{"line":19,"column":18},"end":{"line":19,"column":38}},"4":{"start":{"line":20,"column":2},"end":{"line":24,"column":3}},"5":{"start":{"line":21,"column":4},"end":{"line":21,"column":26}},"6":{"start":{"line":23,"column":4},"end":{"line":23,"column":48}},"7":{"start":{"line":27,"column":31},"end":{"line":32,"column":1}},"8":{"start":{"line":29,"column":12},"end":{"line":29,"column":87}},"9":{"start":{"line":30,"column":24},"end":{"line":30,"column":40}},"10":{"start":{"line":31,"column":2},"end":{"line":31,"column":51}},"11":{"start":{"line":31,"column":39},"end":{"line":31,"column":49}},"12":{"start":{"line":34,"column":33},"end":{"line":42,"column":1}},"13":{"start":{"line":36,"column":17},"end":{"line":36,"column":51}},"14":{"start":{"line":37,"column":2},"end":{"line":41,"column":3}},"15":{"start":{"line":38,"column":4},"end":{"line":38,"column":37}},"16":{"start":{"line":40,"column":4},"end":{"line":40,"column":53}},"17":{"start":{"line":44,"column":31},"end":{"line":50,"column":1}},"18":{"start":{"line":46,"column":12},"end":{"line":46,"column":45}},"19":{"start":{"line":47,"column":24},"end":{"line":47,"column":40}},"20":{"start":{"line":48,"column":19},"end":{"line":48,"column":56}},"21":{"start":{"line":48,"column":49},"end":{"line":48,"column":55}},"22":{"start":{"line":49,"column":2},"end":{"line":49,"column":44}}},"fnMap":{"0":{"name":"(anonymous_0)","decl":{"start":{"line":16,"column":30},"end":{"line":16,"column":31}},"loc":{"start":{"line":16,"column":42},"end":{"line":25,"column":1}},"line":16},"1":{"name":"(anonymous_1)","decl":{"start":{"line":27,"column":31},"end":{"line":27,"column":32}},"loc":{"start":{"line":27,"column":43},"end":{"line":32,"column":1}},"line":27},"2":{"name":"(anonymous_2)","decl":{"start":{"line":31,"column":32},"end":{"line":31,"column":33}},"loc":{"start":{"line":31,"column":39},"end":{"line":31,"column":49}},"line":31},"3":{"name":"(anonymous_3)","decl":{"start":{"line":34,"column":33},"end":{"line":34,"column":34}},"loc":{"start":{"line":34,"column":52},"end":{"line":42,"column":1}},"line":34},"4":{"name":"(anonymous_4)","decl":{"start":{"line":44,"column":31},"end":{"line":44,"column":32}},"loc":{"start":{"line":44,"column":58},"end":{"line":50,"column":1}},"line":44},"5":{"name":"(anonymous_5)","decl":{"start":{"line":48,"column":42},"end":{"line":48,"column":43}},"loc":{"start":{"line":48,"column":49},"end":{"line":48,"column":55}},"line":48}},"branchMap":{"0":{"loc":{"start":{"line":20,"column":2},"end":{"line":24,"column":3}},"type":"if","locations":[{"start":{"line":20,"column":2},"end":{"line":24,"column":3}},{"start":{"line":22,"column":9},"end":{"line":24,"column":3}}],"line":20}},"s":{"0":1,"1":1,"2":0,"3":0,"4":0,"5":0,"6":0,"7":1,"8":0,"9":0,"10":0,"11":0,"12":1,"13":0,"14":0,"15":0,"16":0,"17":1,"18":0,"19":0,"20":0,"21":0,"22":0},"f":{"0":0,"1":0,"2":0,"3":0,"4":0,"5":0},"b":{"0":[0,0]},"_coverageSchema":"1a1c01bbd47fc00a2c39e90264f33305004495a9","hash":"d65ef3d9226b54d90ca4d405ba9ac73e24f8090f"}
,"/Users/mazenabuhamdan/ATM-Project/src/services/firebase.js": {"path":"/Users/mazenabuhamdan/ATM-Project/src/services/firebase.js","statementMap":{"0":{"start":{"line":9,"column":23},"end":{"line":16,"column":1}},"1":{"start":{"line":19,"column":12},"end":{"line":19,"column":41}},"2":{"start":{"line":20,"column":20},"end":{"line":20,"column":32}},"3":{"start":{"line":21,"column":18},"end":{"line":21,"column":35}}},"fnMap":{},"branchMap":{},"s":{"0":1,"1":1,"2":1,"3":1},"f":{},"b":{},"_coverageSchema":"1a1c01bbd47fc00a2c39e90264f33305004495a9","hash":"028ce95b0896859eb38e5a03c3fc65097041f4db"}
}
